<?xml version="1.0" encoding="UTF-8"?>
<robot generator="Robot 4.1.3 (Python 3.10.2 on win32)" generated="20220209 12:40:35.085" rpa="false" schemaversion="2">
<suite id="s1" name="Openemr Suite" source="C:\Users\Anusha\Desktop\RFP\robot_project\selenium_suite\openemr_suite.robot">
<test id="s1-t1" name="TC1 Valid Login">
<kw name="Open Browser" library="SeleniumLibrary">
<arg>url=https://demo.openemr.io/b/openemr/index.php</arg>
<arg>browser=chrome</arg>
<arg>executable_path=${EXECDIR}\\drivers\\chromedriver</arg>
<doc>Opens a new browser instance to the optional ``url``.</doc>
<msg timestamp="20220209 12:40:35.909" level="INFO">Opening browser 'chrome' to base url 'https://demo.openemr.io/b/openemr/index.php'.</msg>
<status status="PASS" starttime="20220209 12:40:35.908" endtime="20220209 12:40:43.278"/>
</kw>
<kw name="Maximize Browser Window" library="SeleniumLibrary">
<doc>Maximizes current browser window.</doc>
<status status="PASS" starttime="20220209 12:40:43.279" endtime="20220209 12:40:43.413"/>
</kw>
<kw name="Set Selenium Implicit Wait" library="SeleniumLibrary">
<arg>30s</arg>
<doc>Sets the implicit wait value used by Selenium.</doc>
<status status="PASS" starttime="20220209 12:40:43.413" endtime="20220209 12:40:43.414"/>
</kw>
<kw name="Input Text" library="SeleniumLibrary">
<arg>id=authUser</arg>
<arg>admin</arg>
<doc>Types the given ``text`` into the text field identified by ``locator``.</doc>
<msg timestamp="20220209 12:40:43.415" level="INFO">Typing text 'admin' into text field 'id=authUser'.</msg>
<status status="PASS" starttime="20220209 12:40:43.414" endtime="20220209 12:40:43.602"/>
</kw>
<kw name="Input Text" library="SeleniumLibrary">
<arg>id=clearPass</arg>
<arg>pass</arg>
<doc>Types the given ``text`` into the text field identified by ``locator``.</doc>
<msg timestamp="20220209 12:40:43.607" level="INFO">Typing text 'pass' into text field 'id=clearPass'.</msg>
<status status="PASS" starttime="20220209 12:40:43.606" endtime="20220209 12:40:43.741"/>
</kw>
<kw name="Select From List By Label" library="SeleniumLibrary">
<arg>name=languageChoice</arg>
<arg>English (Indian)</arg>
<doc>Selects options from selection list ``locator`` by ``labels``.</doc>
<msg timestamp="20220209 12:40:43.742" level="INFO">Selecting options from selection list 'name=languageChoice' by label English (Indian).</msg>
<status status="PASS" starttime="20220209 12:40:43.741" endtime="20220209 12:40:43.820"/>
</kw>
<kw name="Click Element" library="SeleniumLibrary">
<arg>xpath=//button[@type='submit']</arg>
<doc>Click the element identified by ``locator``.</doc>
<msg timestamp="20220209 12:40:43.823" level="INFO">Clicking element 'xpath=//button[@type='submit']'.</msg>
<status status="PASS" starttime="20220209 12:40:43.822" endtime="20220209 12:40:47.786"/>
</kw>
<kw name="Get Title" library="SeleniumLibrary">
<var>${title}</var>
<doc>Returns the title of the current page.</doc>
<msg timestamp="20220209 12:40:47.804" level="INFO">${title} = OpenEMR</msg>
<status status="PASS" starttime="20220209 12:40:47.786" endtime="20220209 12:40:47.804"/>
</kw>
<kw name="Log To Console" library="BuiltIn">
<arg>${title}</arg>
<doc>Logs the given message to the console.</doc>
<status status="PASS" starttime="20220209 12:40:47.804" endtime="20220209 12:40:47.807"/>
</kw>
<kw name="Title Should Be" library="SeleniumLibrary">
<arg>OpenEMR</arg>
<doc>Verifies that the current page title equals ``title``.</doc>
<msg timestamp="20220209 12:40:47.815" level="INFO">Page title is 'OpenEMR'.</msg>
<status status="PASS" starttime="20220209 12:40:47.808" endtime="20220209 12:40:47.816"/>
</kw>
<kw name="Close Browser" library="SeleniumLibrary">
<doc>Closes the current browser.</doc>
<status status="PASS" starttime="20220209 12:40:47.816" endtime="20220209 12:40:50.214"/>
</kw>
<kw name="Click Element" library="SeleniumLibrary">
<arg>xpath=//button[@type='submit']</arg>
<doc>Click the element identified by ``locator``.</doc>
<msg timestamp="20220209 12:40:50.217" level="INFO">Clicking element 'xpath=//button[@type='submit']'.</msg>
<msg timestamp="20220209 12:40:50.217" level="INFO">Cannot capture screenshot because no browser is open.</msg>
<msg timestamp="20220209 12:40:50.233" level="FAIL">No browser is open.</msg>
<status status="FAIL" starttime="20220209 12:40:50.216" endtime="20220209 12:40:50.233"/>
</kw>
<status status="FAIL" starttime="20220209 12:40:35.908" endtime="20220209 12:40:50.235">No browser is open.</status>
</test>
<status status="FAIL" starttime="20220209 12:40:35.088" endtime="20220209 12:40:50.241"/>
</suite>
<statistics>
<total>
<stat pass="0" fail="1" skip="0">All Tests</stat>
</total>
<tag>
</tag>
<suite>
<stat pass="0" fail="1" skip="0" id="s1" name="Openemr Suite">Openemr Suite</stat>
</suite>
</statistics>
<errors>
</errors>
</robot>
