<?xml version="1.0" encoding="UTF-8"?>
<robot generator="Robot 4.1.3 (Python 3.10.2 on win32)" generated="20220211 09:45:20.831" rpa="false" schemaversion="2">
<suite id="s1" name="Advance Selenium Suite" source="C:\Users\Anusha\Desktop\RFP\robot_project\advanced_suite\advance_selenium_suite.robot">
<test id="s1-t1" name="TC1">
<kw name="Open Browser" library="SeleniumLibrary">
<arg>browser=chrome</arg>
<arg>executable_path=${EXECDIR}\\drivers\\chromedriver.exe</arg>
<doc>Opens a new browser instance to the optional ``url``.</doc>
<msg timestamp="20220211 09:45:21.108" level="INFO">Opening browser 'chrome' to base url 'None'.</msg>
<status status="PASS" starttime="20220211 09:45:21.108" endtime="20220211 09:45:22.256"/>
</kw>
<kw name="Maximize Browser Window" library="SeleniumLibrary">
<doc>Maximizes current browser window.</doc>
<status status="PASS" starttime="20220211 09:45:22.256" endtime="20220211 09:45:22.371"/>
</kw>
<kw name="Set Selenium Implicit Wait" library="SeleniumLibrary">
<arg>20s</arg>
<doc>Sets the implicit wait value used by Selenium.</doc>
<status status="PASS" starttime="20220211 09:45:22.372" endtime="20220211 09:45:22.374"/>
</kw>
<kw name="Go To" library="SeleniumLibrary">
<arg>url=https://google.com</arg>
<doc>Navigates the current browser window to the provided ``url``.</doc>
<msg timestamp="20220211 09:45:22.375" level="INFO">Opening url 'https://google.com'</msg>
<status status="PASS" starttime="20220211 09:45:22.375" endtime="20220211 09:45:25.609"/>
</kw>
<kw name="Get Element Count" library="SeleniumLibrary">
<var>${linkcount}</var>
<arg>tag=a</arg>
<doc>Returns the number of elements matching ``locator``.</doc>
<msg timestamp="20220211 09:45:25.627" level="INFO">${linkcount} = 25</msg>
<status status="PASS" starttime="20220211 09:45:25.610" endtime="20220211 09:45:25.627"/>
</kw>
<kw name="Log To Console" library="BuiltIn">
<arg>${linkcount}</arg>
<doc>Logs the given message to the console.</doc>
<status status="PASS" starttime="20220211 09:45:25.628" endtime="20220211 09:45:25.628"/>
</kw>
<kw name="Get WebElements" library="SeleniumLibrary">
<var>@{elements}</var>
<arg>tag=a</arg>
<doc>Returns a list of WebElement objects matching the ``locator``.</doc>
<msg timestamp="20220211 09:45:25.640" level="INFO">@{elements} = [ &lt;selenium.webdriver.remote.webelement.WebElement (session="e207e20f13295f5c234de4ea336099be", element="69472699-e38f-4e69-80df-50edca82f50f")&gt; | &lt;selenium.webdriver.remote.webelement.WebElement (ses...</msg>
<status status="PASS" starttime="20220211 09:45:25.628" endtime="20220211 09:45:25.641"/>
</kw>
<for flavor="IN RANGE">
<var>${i}</var>
<value>${count}</value>
<msg timestamp="20220211 09:45:25.642" level="FAIL">Variable '${count}' not found. Did you mean:
    ${linkcount}</msg>
<status status="FAIL" starttime="20220211 09:45:25.641" endtime="20220211 09:45:25.643"/>
</for>
<status status="FAIL" starttime="20220211 09:45:21.107" endtime="20220211 09:45:25.643">Variable '${count}' not found. Did you mean:
    ${linkcount}</status>
</test>
<status status="FAIL" starttime="20220211 09:45:20.832" endtime="20220211 09:45:25.645"/>
</suite>
<statistics>
<total>
<stat pass="0" fail="1" skip="0">All Tests</stat>
</total>
<tag>
</tag>
<suite>
<stat pass="0" fail="1" skip="0" id="s1" name="Advance Selenium Suite">Advance Selenium Suite</stat>
</suite>
</statistics>
<errors>
</errors>
</robot>
