<?xml version="1.0" encoding="UTF-8"?>
<robot generator="Robot 4.1.3 (Python 3.10.2 on win32)" generated="20220208 12:32:07.027" rpa="false" schemaversion="2">
<suite id="s1" name="Demo1 Suite" source="C:\Users\Anusha\Desktop\RFP\robot_project\robot_suite\demo1_suite.robot">
<test id="s1-t1" name="TC1 Print Name">
<kw name="Log To Console" library="BuiltIn">
<arg>hello,everyone</arg>
<doc>Logs the given message to the console.</doc>
<status status="PASS" starttime="20220208 12:32:07.067" endtime="20220208 12:32:07.067"/>
</kw>
<kw name="Log To Console" library="BuiltIn">
<arg>welcome</arg>
<doc>Logs the given message to the console.</doc>
<status status="PASS" starttime="20220208 12:32:07.067" endtime="20220208 12:32:07.067"/>
</kw>
<status status="PASS" starttime="20220208 12:32:07.066" endtime="20220208 12:32:07.068"/>
</test>
<test id="s1-t2" name="TC2 Print Date">
<kw name="Get Current Date" library="DateTime">
<var>${date}</var>
<doc>Returns current local or UTC time with an optional increment.</doc>
<msg timestamp="20220208 12:32:07.070" level="INFO">${date} = 2022-02-08 12:32:07.070</msg>
<status status="PASS" starttime="20220208 12:32:07.069" endtime="20220208 12:32:07.070"/>
</kw>
<kw name="Log To Console" library="BuiltIn">
<arg>${date}</arg>
<doc>Logs the given message to the console.</doc>
<status status="PASS" starttime="20220208 12:32:07.070" endtime="20220208 12:32:07.070"/>
</kw>
<status status="PASS" starttime="20220208 12:32:07.069" endtime="20220208 12:32:07.071"/>
</test>
<test id="s1-t3" name="TC3 Store Data">
<kw name="Set Local Variable" library="BuiltIn">
<arg>${name}</arg>
<arg>Anusha</arg>
<doc>Makes a variable available everywhere within the local scope.</doc>
<msg timestamp="20220208 12:32:07.073" level="INFO">${name} = Anusha</msg>
<status status="PASS" starttime="20220208 12:32:07.072" endtime="20220208 12:32:07.073"/>
</kw>
<kw name="Log To Console" library="BuiltIn">
<arg>${name}</arg>
<doc>Logs the given message to the console.</doc>
<status status="PASS" starttime="20220208 12:32:07.073" endtime="20220208 12:32:07.073"/>
</kw>
<kw name="Log hello,${name}">
<msg timestamp="20220208 12:32:07.075" level="FAIL">No keyword with name 'Log hello,${name}' found.</msg>
<status status="FAIL" starttime="20220208 12:32:07.075" endtime="20220208 12:32:07.075"/>
</kw>
<kw name="${title} Set Variable robotframeworksession">
<status status="NOT RUN" starttime="20220208 12:32:07.076" endtime="20220208 12:32:07.076"/>
</kw>
<kw name="Log To Console ${title}">
<status status="NOT RUN" starttime="20220208 12:32:07.078" endtime="20220208 12:32:07.078"/>
</kw>
<status status="FAIL" starttime="20220208 12:32:07.071" endtime="20220208 12:32:07.078">No keyword with name 'Log hello,${name}' found.</status>
</test>
<test id="s1-t4" name="TC4 Add Number">
<kw name="Set Variable" library="BuiltIn">
<arg>${10}</arg>
<doc>Returns the given values which can then be assigned to a variables.</doc>
<status status="PASS" starttime="20220208 12:32:07.079" endtime="20220208 12:32:07.080"/>
</kw>
<kw name="Log To Console" library="BuiltIn">
<arg>${10}</arg>
<doc>Logs the given message to the console.</doc>
<status status="PASS" starttime="20220208 12:32:07.080" endtime="20220208 12:32:07.081"/>
</kw>
<kw name="Set Variable" library="BuiltIn">
<arg>${20}</arg>
<doc>Returns the given values which can then be assigned to a variables.</doc>
<status status="PASS" starttime="20220208 12:32:07.082" endtime="20220208 12:32:07.082"/>
</kw>
<kw name="log To Variable">
<arg>${20}</arg>
<msg timestamp="20220208 12:32:07.084" level="FAIL">No keyword with name 'log To Variable' found. Did you mean:
    BuiltIn.Log Variables</msg>
<status status="FAIL" starttime="20220208 12:32:07.084" endtime="20220208 12:32:07.084"/>
</kw>
<status status="FAIL" starttime="20220208 12:32:07.079" endtime="20220208 12:32:07.084">No keyword with name 'log To Variable' found. Did you mean:
    BuiltIn.Log Variables</status>
</test>
<status status="FAIL" starttime="20220208 12:32:07.029" endtime="20220208 12:32:07.085"/>
</suite>
<statistics>
<total>
<stat pass="2" fail="2" skip="0">All Tests</stat>
</total>
<tag>
</tag>
<suite>
<stat pass="2" fail="2" skip="0" id="s1" name="Demo1 Suite">Demo1 Suite</stat>
</suite>
</statistics>
<errors>
</errors>
</robot>
