<?xml version="1.0" encoding="UTF-8"?>
<robot generator="Robot 4.1.3 (Python 3.10.2 on win32)" generated="20220210 09:49:14.665" rpa="false" schemaversion="2">
<suite id="s1" name="Demo22 Suite" source="C:\Users\Anusha\Desktop\RFP\robot_project\robot_suite\demo22_suite.robot">
<test id="s1-t1" name="TC1">
<kw name="Log To Console" library="BuiltIn">
<arg>${EXECDIR}</arg>
<doc>Logs the given message to the console.</doc>
<status status="PASS" starttime="20220210 09:49:14.766" endtime="20220210 09:49:14.767"/>
</kw>
<kw name="Log To Console" library="BuiltIn">
<arg>${TEST_NAME}</arg>
<doc>Logs the given message to the console.</doc>
<status status="PASS" starttime="20220210 09:49:14.767" endtime="20220210 09:49:14.769"/>
</kw>
<kw name="Log To Console" library="BuiltIn">
<arg>${TEMPDIR}</arg>
<doc>Logs the given message to the console.</doc>
<status status="PASS" starttime="20220210 09:49:14.769" endtime="20220210 09:49:14.770"/>
</kw>
<kw name="Log To Console" library="BuiltIn">
<arg>C:\\Users\\Anusha\\Desktop\\RFP\\robot_project\\robot_suite</arg>
<doc>Logs the given message to the console.</doc>
<status status="PASS" starttime="20220210 09:49:14.770" endtime="20220210 09:49:14.772"/>
</kw>
<kw name="Log To Console" library="BuiltIn">
<arg>${SUITE_NAME}</arg>
<doc>Logs the given message to the console.</doc>
<status status="PASS" starttime="20220210 09:49:14.772" endtime="20220210 09:49:14.773"/>
</kw>
<status status="PASS" starttime="20220210 09:49:14.765" endtime="20220210 09:49:14.773"/>
</test>
<test id="s1-t2" name="TC2">
<kw name="Log To Console" library="BuiltIn">
<arg>${COLORS}</arg>
<doc>Logs the given message to the console.</doc>
<status status="PASS" starttime="20220210 09:49:14.777" endtime="20220210 09:49:14.777"/>
</kw>
<kw name="Log To Console" library="BuiltIn">
<arg>${COLORS}[2]</arg>
<doc>Logs the given message to the console.</doc>
<msg timestamp="20220210 09:49:14.778" level="FAIL">List '${COLORS}' has no item in index 2.</msg>
<status status="FAIL" starttime="20220210 09:49:14.777" endtime="20220210 09:49:14.779"/>
</kw>
<for flavor="IN RANGE">
<var>${0}</var>
<value>1</value>
<value>3</value>
<value>2</value>
<iter>
<var name="${0}">${0}</var>
<kw name="Log" library="BuiltIn">
<arg>${0}</arg>
<doc>Logs the given message with the given level.</doc>
<status status="NOT RUN" starttime="20220210 09:49:14.781" endtime="20220210 09:49:14.781"/>
</kw>
<status status="NOT RUN" starttime="20220210 09:49:14.780" endtime="20220210 09:49:14.781"/>
</iter>
<status status="NOT RUN" starttime="20220210 09:49:14.780" endtime="20220210 09:49:14.781"/>
</for>
<status status="FAIL" starttime="20220210 09:49:14.776" endtime="20220210 09:49:14.782">List '${COLORS}' has no item in index 2.</status>
</test>
<status status="FAIL" starttime="20220210 09:49:14.671" endtime="20220210 09:49:14.784"/>
</suite>
<statistics>
<total>
<stat pass="1" fail="1" skip="0">All Tests</stat>
</total>
<tag>
</tag>
<suite>
<stat pass="1" fail="1" skip="0" id="s1" name="Demo22 Suite">Demo22 Suite</stat>
</suite>
</statistics>
<errors>
</errors>
</robot>
