<?xml version="1.0" encoding="UTF-8"?>
<robot generator="Robot 4.1.3 (Python 3.10.2 on win32)" generated="20220210 13:32:19.152" rpa="false" schemaversion="2">
<suite id="s1" name="Demo3 Suite" source="C:\Users\Anusha\Desktop\RFP\robot_project\robot_suite\demo3_suite.robot">
<test id="s1-t1" name="TC1">
<kw name="Set Local Variable" library="BuiltIn">
<arg>${firstname}</arg>
<arg>balaji</arg>
<doc>Makes a variable available everywhere within the local scope.</doc>
<msg timestamp="20220210 13:32:19.199" level="INFO">${firstname} = balaji</msg>
<status status="PASS" starttime="20220210 13:32:19.199" endtime="20220210 13:32:19.199"/>
</kw>
<kw name="Set Variable" library="BuiltIn">
<var>${lastname}</var>
<arg>dinakaran</arg>
<doc>Returns the given values which can then be assigned to a variables.</doc>
<msg timestamp="20220210 13:32:19.199" level="INFO">${lastname} = dinakaran</msg>
<status status="PASS" starttime="20220210 13:32:19.199" endtime="20220210 13:32:19.199"/>
</kw>
<kw name="Log To Console" library="BuiltIn">
<arg>${firstname} ${lastname}</arg>
<doc>Logs the given message to the console.</doc>
<status status="PASS" starttime="20220210 13:32:19.199" endtime="20220210 13:32:19.199"/>
</kw>
<kw name="Create List" library="BuiltIn">
<var>@{fruits}</var>
<arg>mango</arg>
<arg>apple</arg>
<arg>orange</arg>
<arg>grapes</arg>
<doc>Returns a list containing given items.</doc>
<msg timestamp="20220210 13:32:19.199" level="INFO">@{fruits} = [ mango | apple | orange | grapes ]</msg>
<status status="PASS" starttime="20220210 13:32:19.199" endtime="20220210 13:32:19.199"/>
</kw>
<kw name="Log To Console" library="BuiltIn">
<arg>${fruits}</arg>
<doc>Logs the given message to the console.</doc>
<status status="PASS" starttime="20220210 13:32:19.199" endtime="20220210 13:32:19.199"/>
</kw>
<kw name="Log To Console" library="BuiltIn">
<arg>${fruits}[0]</arg>
<doc>Logs the given message to the console.</doc>
<status status="PASS" starttime="20220210 13:32:19.199" endtime="20220210 13:32:19.199"/>
</kw>
<for flavor="IN">
<var>${color}</var>
<value>@{fruits}</value>
<iter>
<var name="${color}">mango</var>
<kw name="Log To Console" library="BuiltIn">
<arg>${color}</arg>
<doc>Logs the given message to the console.</doc>
<status status="PASS" starttime="20220210 13:32:19.199" endtime="20220210 13:32:19.199"/>
</kw>
<status status="PASS" starttime="20220210 13:32:19.199" endtime="20220210 13:32:19.199"/>
</iter>
<iter>
<var name="${color}">apple</var>
<kw name="Log To Console" library="BuiltIn">
<arg>${color}</arg>
<doc>Logs the given message to the console.</doc>
<status status="PASS" starttime="20220210 13:32:19.199" endtime="20220210 13:32:19.199"/>
</kw>
<status status="PASS" starttime="20220210 13:32:19.199" endtime="20220210 13:32:19.199"/>
</iter>
<iter>
<var name="${color}">orange</var>
<kw name="Log To Console" library="BuiltIn">
<arg>${color}</arg>
<doc>Logs the given message to the console.</doc>
<status status="PASS" starttime="20220210 13:32:19.199" endtime="20220210 13:32:19.199"/>
</kw>
<status status="PASS" starttime="20220210 13:32:19.199" endtime="20220210 13:32:19.199"/>
</iter>
<iter>
<var name="${color}">grapes</var>
<kw name="Log To Console" library="BuiltIn">
<arg>${color}</arg>
<doc>Logs the given message to the console.</doc>
<status status="PASS" starttime="20220210 13:32:19.199" endtime="20220210 13:32:19.199"/>
</kw>
<status status="PASS" starttime="20220210 13:32:19.199" endtime="20220210 13:32:19.199"/>
</iter>
<status status="PASS" starttime="20220210 13:32:19.199" endtime="20220210 13:32:19.199"/>
</for>
<kw name="Log List" library="Collections">
<arg>${fruits}</arg>
<doc>Logs the length and contents of the ``list`` using given ``level``.</doc>
<msg timestamp="20220210 13:32:19.199" level="INFO">List length is 4 and it contains following items:
0: mango
1: apple
2: orange
3: grapes</msg>
<status status="PASS" starttime="20220210 13:32:19.199" endtime="20220210 13:32:19.199"/>
</kw>
<kw name="Set Global Variable" library="BuiltIn">
<arg>${otp}</arg>
<arg>9753</arg>
<doc>Makes a variable available globally in all tests and suites.</doc>
<msg timestamp="20220210 13:32:19.199" level="INFO">${otp} = 9753</msg>
<status status="PASS" starttime="20220210 13:32:19.199" endtime="20220210 13:32:19.199"/>
</kw>
<status status="PASS" starttime="20220210 13:32:19.199" endtime="20220210 13:32:19.199"/>
</test>
<test id="s1-t2" name="TC2">
<kw name="Log To Console" library="BuiltIn">
<arg>${otp}</arg>
<doc>Logs the given message to the console.</doc>
<status status="PASS" starttime="20220210 13:32:19.199" endtime="20220210 13:32:19.199"/>
</kw>
<kw name="Create Dictionary" library="BuiltIn">
<var>&amp;{dic}</var>
<arg>firstname=Jennifer</arg>
<arg>lastname=Chopda</arg>
<arg>mobile=09986544</arg>
<doc>Creates and returns a dictionary based on the given ``items``.</doc>
<msg timestamp="20220210 13:32:19.199" level="INFO">&amp;{dic} = { firstname=Jennifer | lastname=Chopda | mobile=09986544 }</msg>
<status status="PASS" starttime="20220210 13:32:19.199" endtime="20220210 13:32:19.199"/>
</kw>
<kw name="Log To Console" library="BuiltIn">
<arg>${dic}[lastname]</arg>
<doc>Logs the given message to the console.</doc>
<status status="PASS" starttime="20220210 13:32:19.199" endtime="20220210 13:32:19.199"/>
</kw>
<status status="PASS" starttime="20220210 13:32:19.199" endtime="20220210 13:32:19.199"/>
</test>
<status status="PASS" starttime="20220210 13:32:19.152" endtime="20220210 13:32:19.199"/>
</suite>
<statistics>
<total>
<stat pass="2" fail="0" skip="0">All Tests</stat>
</total>
<tag>
</tag>
<suite>
<stat pass="2" fail="0" skip="0" id="s1" name="Demo3 Suite">Demo3 Suite</stat>
</suite>
</statistics>
<errors>
</errors>
</robot>
